/home/navadeep/cocotb_kit/.venv/lib/python3.12/site-packages/cocotb_tools/makefiles/Makefile.deprecations:6: VERILATOR_TRACE is deprecated, see the "Simulator Support" section in the documentation.
rm -f results.xml
"make" -f Makefile results.xml
make[1]: Entering directory '/home/navadeep/cocotb_kit'
/home/navadeep/cocotb_kit/.venv/lib/python3.12/site-packages/cocotb_tools/makefiles/Makefile.deprecations:6: VERILATOR_TRACE is deprecated, see the "Simulator Support" section in the documentation.
/home/navadeep/cocotb_kit/.venv/lib/python3.12/site-packages/cocotb_tools/makefiles/simulators/Makefile.verilator:69: Using MODULE is deprecated, please use COCOTB_TEST_MODULES instead.
rm -f results.xml
COCOTB_TEST_MODULES=tb.tests.test_alu_smoke COCOTB_TESTCASE= COCOTB_TEST_FILTER= COCOTB_TOPLEVEL=alu TOPLEVEL_LANG=verilog \
         sim_build/Vtop --trace --trace    
     -.--ns INFO     gpi                                ..mbed/gpi_embed.cpp:93   in _embed_init_python              Using Python 3.12.4 interpreter at /home/navadeep/cocotb_kit/.venv/bin/python3
     -.--ns INFO     gpi                                ../gpi/GpiCommon.cpp:79   in gpi_print_registered_impl       VPI registered
     0.00ns INFO     cocotb                             Running on Verilator version 5.036 2025-04-27
     0.00ns INFO     cocotb                             Seeding Python random module with 1772517105
     0.00ns ERROR    gpi                                VPI: Couldn't find root handle alu
     0.00ns ERROR    gpi                                VPI: Toplevel instances: alu != fifo...
     0.00ns ERROR    gpi                                No root handle found
Traceback (most recent call last):
  File "/home/navadeep/cocotb_kit/.venv/lib/python3.12/site-packages/pygpi/entry.py", line 42, in load_entry
    entry_func(argv)
  File "/home/navadeep/cocotb_kit/.venv/lib/python3.12/site-packages/cocotb/_init.py", line 87, in init_package_from_simulation
    _setup_root_handle()
  File "/home/navadeep/cocotb_kit/.venv/lib/python3.12/site-packages/cocotb/_init.py", line 267, in _setup_root_handle
    raise RuntimeError(f"Can not find root handle {root_name!r}")
RuntimeError: Can not find root handle 'alu'
     0.00ns ERROR    cocotb                             Simulator shut down prematurely
- :0: Verilog $finish
make[1]: *** [/home/navadeep/cocotb_kit/.venv/lib/python3.12/site-packages/cocotb_tools/makefiles/simulators/Makefile.verilator:70: results.xml] Error 1
make[1]: Leaving directory '/home/navadeep/cocotb_kit'
make: *** [/home/navadeep/cocotb_kit/.venv/lib/python3.12/site-packages/cocotb_tools/makefiles/Makefile.inc:17: sim] Error 2
